Determining if the pthread_create exist failed with the following output:
Change Dir: /home/iris/folder/vrep_plugin/build/CMakeFiles/CMakeTmp

Run Build Command:"/usr/bin/make" "cmTryCompileExec45266880/fast"
/usr/bin/make -f CMakeFiles/cmTryCompileExec45266880.dir/build.make CMakeFiles/cmTryCompileExec45266880.dir/build
make[1]: Entering directory '/home/iris/folder/vrep_plugin/build/CMakeFiles/CMakeTmp'
/usr/bin/cmake -E cmake_progress_report /home/iris/folder/vrep_plugin/build/CMakeFiles/CMakeTmp/CMakeFiles 1
Building C object CMakeFiles/cmTryCompileExec45266880.dir/CheckSymbolExists.c.o
/usr/bin/cc    -o CMakeFiles/cmTryCompileExec45266880.dir/CheckSymbolExists.c.o   -c /home/iris/folder/vrep_plugin/build/CMakeFiles/CMakeTmp/CheckSymbolExists.c
Linking C executable cmTryCompileExec45266880
/usr/bin/cmake -E cmake_link_script CMakeFiles/cmTryCompileExec45266880.dir/link.txt --verbose=1
/usr/bin/cc       CMakeFiles/cmTryCompileExec45266880.dir/CheckSymbolExists.c.o  -o cmTryCompileExec45266880 -rdynamic 
CMakeFiles/cmTryCompileExec45266880.dir/CheckSymbolExists.c.o: In function `main':
CheckSymbolExists.c:(.text+0x16): 未定義參考到「pthread_create」
collect2: error: ld returned 1 exit status
CMakeFiles/cmTryCompileExec45266880.dir/build.make:88: recipe for target 'cmTryCompileExec45266880' failed
make[1]: *** [cmTryCompileExec45266880] Error 1
make[1]: Leaving directory '/home/iris/folder/vrep_plugin/build/CMakeFiles/CMakeTmp'
Makefile:118: recipe for target 'cmTryCompileExec45266880/fast' failed
make: *** [cmTryCompileExec45266880/fast] Error 2

File /home/iris/folder/vrep_plugin/build/CMakeFiles/CMakeTmp/CheckSymbolExists.c:
/* */
#include <pthread.h>

int main(int argc, char** argv)
{
  (void)argv;
#ifndef pthread_create
  return ((int*)(&pthread_create))[argc];
#else
  (void)argc;
  return 0;
#endif
}

Determining if the function pthread_create exists in the pthreads failed with the following output:
Change Dir: /home/iris/folder/vrep_plugin/build/CMakeFiles/CMakeTmp

Run Build Command:"/usr/bin/make" "cmTryCompileExec1464344008/fast"
/usr/bin/make -f CMakeFiles/cmTryCompileExec1464344008.dir/build.make CMakeFiles/cmTryCompileExec1464344008.dir/build
make[1]: Entering directory '/home/iris/folder/vrep_plugin/build/CMakeFiles/CMakeTmp'
/usr/bin/cmake -E cmake_progress_report /home/iris/folder/vrep_plugin/build/CMakeFiles/CMakeTmp/CMakeFiles 1
Building C object CMakeFiles/cmTryCompileExec1464344008.dir/CheckFunctionExists.c.o
/usr/bin/cc   -DCHECK_FUNCTION_EXISTS=pthread_create   -o CMakeFiles/cmTryCompileExec1464344008.dir/CheckFunctionExists.c.o   -c /usr/share/cmake-3.0/Modules/CheckFunctionExists.c
Linking C executable cmTryCompileExec1464344008
/usr/bin/cmake -E cmake_link_script CMakeFiles/cmTryCompileExec1464344008.dir/link.txt --verbose=1
/usr/bin/cc   -DCHECK_FUNCTION_EXISTS=pthread_create    CMakeFiles/cmTryCompileExec1464344008.dir/CheckFunctionExists.c.o  -o cmTryCompileExec1464344008 -rdynamic -lpthreads 
/usr/bin/ld: cannot find -lpthreads
collect2: error: ld returned 1 exit status
CMakeFiles/cmTryCompileExec1464344008.dir/build.make:88: recipe for target 'cmTryCompileExec1464344008' failed
make[1]: *** [cmTryCompileExec1464344008] Error 1
make[1]: Leaving directory '/home/iris/folder/vrep_plugin/build/CMakeFiles/CMakeTmp'
Makefile:118: recipe for target 'cmTryCompileExec1464344008/fast' failed
make: *** [cmTryCompileExec1464344008/fast] Error 2


